0 info it worked if it ends with ok
1 verbose cli [ '/usr/local/bin/node', '/usr/local/bin/npm', 'publish' ]
2 info using npm@3.10.10
3 info using node@v6.9.4
4 verbose publish [ '.' ]
5 silly cache add args [ '.', null ]
6 verbose cache add spec .
7 silly cache add parsed spec Result {
7 silly cache add   raw: '.',
7 silly cache add   scope: null,
7 silly cache add   escapedName: null,
7 silly cache add   name: null,
7 silly cache add   rawSpec: '.',
7 silly cache add   spec: '/Users/basti/WebstormProjects/check_nextcloud',
7 silly cache add   type: 'directory' }
8 verbose addLocalDirectory /Users/basti/.npm/check_nextcloud/1.0.0/package.tgz not in flight; packing
9 verbose correctMkdir /Users/basti/.npm correctMkdir not in flight; initializing
10 info lifecycle check_nextcloud@1.0.0~prepublish: check_nextcloud@1.0.0
11 silly lifecycle check_nextcloud@1.0.0~prepublish: no script for prepublish, continuing
12 verbose tar pack [ '/Users/basti/.npm/check_nextcloud/1.0.0/package.tgz',
12 verbose tar pack   '/Users/basti/WebstormProjects/check_nextcloud' ]
13 verbose tarball /Users/basti/.npm/check_nextcloud/1.0.0/package.tgz
14 verbose folder /Users/basti/WebstormProjects/check_nextcloud
15 verbose addLocalTarball adding from inside cache /Users/basti/.npm/check_nextcloud/1.0.0/package.tgz
16 verbose correctMkdir /Users/basti/.npm correctMkdir not in flight; initializing
17 silly cache afterAdd check_nextcloud@1.0.0
18 verbose afterAdd /Users/basti/.npm/check_nextcloud/1.0.0/package/package.json not in flight; writing
19 verbose correctMkdir /Users/basti/.npm correctMkdir not in flight; initializing
20 verbose afterAdd /Users/basti/.npm/check_nextcloud/1.0.0/package/package.json written
21 silly publish { name: 'check_nextcloud',
21 silly publish   version: '1.0.0',
21 silly publish   description: 'Nagios/Icinga Nextcloud Security Check',
21 silly publish   main: 'index.js',
21 silly publish   bin: { check_nextcloud: './index.js' },
21 silly publish   preferGlobal: true,
21 silly publish   repository:
21 silly publish    { type: 'git',
21 silly publish      url: 'git+https://github.com/hobbyquaker/check_nextcloud.git' },
21 silly publish   scripts: { test: 'echo "Error: no test specified" && exit 1' },
21 silly publish   author: { name: 'Sebastian Raff hq@ccu.io' },
21 silly publish   license: 'MIT',
21 silly publish   dependencies: { request: '^2.81.0', yargs: '^7.0.2' },
21 silly publish   yargs: { 'boolean-negation': false },
21 silly publish   readme: '# check_nextcloud\n\n[![NPM version](https://badge.fury.io/js/check_nextcloud.svg)](http://badge.fury.io/js/check_nextcloud)\n[![Dependency Status](https://img.shields.io/gemnasium/hobbyquaker/check_nextcloud.svg?maxAge=2592000)](https://gemnasium.com/github.com/hobbyquaker/check_nextcloud)\n[![License][mit-badge]][mit-url]\n\n> Nagios/Icinga Nextcloud Security Check\n\nUses the API on [https://scan.nextcloud.com](scan.nextcloud.com) to check your Nextclouds Security with Nagios/Icinga. \nFor further information see [https://nextcloud.com/blog/nextcloud-releases-security-scanner-to-help-protect-private-clouds/](https://nextcloud.com/blog/nextcloud-releases-security-scanner-to-help-protect-private-clouds/).\nMind that this API has a rate limit, so don\'t run this check too frequently.\n\n![Nagios Screenshot](check_nextcloud.png)\n\n\n## Installation\n\nPrerequisites: [Node.js](https://nodejs.org)\n\n`npm install -g check_nextcloud`\n\n\n## Usage\n\nExample: `check_nextcloud -u https://example.com/nextcloud`\n\n```\ncheck_nextcloud <options>\n\nOptions:\n  -u, --nextcloud-url                  Nextcloud URL                  [required]\n  -h, --hardening-warning              Number of missing Hardenings that\n                                       generate Warning             [default: 2]\n  -c, --hardening-critical             Number of missing Hardenings that\n                                       generate Critical            [default: 4]\n  -l, --disable-latestversion-warning  Don\'t generate Warning if not latest\n                                       Version                         [boolean]\n  -r, --requeue-minutes                Requeue Scan if older than given minutes\n                                                                  [default: 180]\n  --help                               Show help                       [boolean]\n  --version                            Show version number             [boolean]\n```\n\nNagios Command Definition Example:\n``` \ndefine command {\n        command_name    check_nextcloud\n        command_line    /usr/local/bin/check_nextcloud -u $ARG1$\n}\n```\n\nNagios Service Definition Example:\n``` \ndefine service {\n        use                     generic-service\n        host_name               example\n        service_description     Nextcloud Security\n        check_command           check_nextcloud!https://example.com/nextcloud\n}\n```\n\n\n## Credits\n\nInspired by [https://github.com/janvonde/check_nextcloud](https://github.com/janvonde/check_nextcloud)\n\n\n## License\n\nMIT (c) Sebastian Raff\n\n[mit-badge]: https://img.shields.io/badge/License-MIT-blue.svg?style=flat\n[mit-url]: LICENSE\n',
21 silly publish   readmeFilename: 'README.md',
21 silly publish   bugs: { url: 'https://github.com/hobbyquaker/check_nextcloud/issues' },
21 silly publish   homepage: 'https://github.com/hobbyquaker/check_nextcloud#readme',
21 silly publish   _id: 'check_nextcloud@1.0.0',
21 silly publish   _shasum: '33c8534ef9b676f4ad2eb3c028f40e07d83b1734',
21 silly publish   _from: '.' }
22 verbose getPublishConfig undefined
23 silly mapToRegistry name check_nextcloud
24 silly mapToRegistry using default registry
25 silly mapToRegistry registry https://registry.npmjs.org/
26 silly mapToRegistry data Result {
26 silly mapToRegistry   raw: 'check_nextcloud',
26 silly mapToRegistry   scope: null,
26 silly mapToRegistry   escapedName: 'check_nextcloud',
26 silly mapToRegistry   name: 'check_nextcloud',
26 silly mapToRegistry   rawSpec: '',
26 silly mapToRegistry   spec: 'latest',
26 silly mapToRegistry   type: 'tag' }
27 silly mapToRegistry uri https://registry.npmjs.org/check_nextcloud
28 verbose publish registryBase https://registry.npmjs.org/
29 silly publish uploading /Users/basti/.npm/check_nextcloud/1.0.0/package.tgz
30 verbose request uri https://registry.npmjs.org/check_nextcloud
31 verbose request sending authorization for write operation
32 info attempt registry request try #1 at 6:05:46 PM
33 verbose request using bearer token for auth
34 verbose request id ed95873851172c8b
35 http request PUT https://registry.npmjs.org/check_nextcloud
36 http 403 https://registry.npmjs.org/check_nextcloud
37 verbose headers { 'content-type': 'application/json',
37 verbose headers   'cache-control': 'max-age=300',
37 verbose headers   'content-length': '95',
37 verbose headers   'accept-ranges': 'bytes',
37 verbose headers   date: 'Mon, 20 Mar 2017 17:05:46 GMT',
37 verbose headers   via: '1.1 varnish',
37 verbose headers   connection: 'keep-alive',
37 verbose headers   'x-served-by': 'cache-hhn1524-HHN',
37 verbose headers   'x-cache': 'MISS',
37 verbose headers   'x-cache-hits': '0',
37 verbose headers   'x-timer': 'S1490029545.955846,VS0,VE913',
37 verbose headers   vary: 'Accept-Encoding' }
38 verbose request invalidating /Users/basti/.npm/registry.npmjs.org/check_nextcloud on PUT
39 error publish Failed PUT 403
40 verbose stack Error: "You cannot publish over the previously published version 1.0.0." : check_nextcloud
40 verbose stack     at makeError (/usr/local/lib/node_modules/npm/node_modules/npm-registry-client/lib/request.js:302:12)
40 verbose stack     at CachingRegistryClient.<anonymous> (/usr/local/lib/node_modules/npm/node_modules/npm-registry-client/lib/request.js:290:14)
40 verbose stack     at Request._callback (/usr/local/lib/node_modules/npm/node_modules/npm-registry-client/lib/request.js:210:14)
40 verbose stack     at Request.self.callback (/usr/local/lib/node_modules/npm/node_modules/request/request.js:187:22)
40 verbose stack     at emitTwo (events.js:106:13)
40 verbose stack     at Request.emit (events.js:191:7)
40 verbose stack     at Request.<anonymous> (/usr/local/lib/node_modules/npm/node_modules/request/request.js:1048:10)
40 verbose stack     at emitOne (events.js:96:13)
40 verbose stack     at Request.emit (events.js:188:7)
40 verbose stack     at IncomingMessage.<anonymous> (/usr/local/lib/node_modules/npm/node_modules/request/request.js:969:12)
41 verbose statusCode 403
42 verbose pkgid check_nextcloud
43 verbose cwd /Users/basti/WebstormProjects/check_nextcloud
44 error Darwin 16.3.0
45 error argv "/usr/local/bin/node" "/usr/local/bin/npm" "publish"
46 error node v6.9.4
47 error npm  v3.10.10
48 error code E403
49 error "You cannot publish over the previously published version 1.0.0." : check_nextcloud
50 error If you need help, you may report this error at:
50 error     <https://github.com/npm/npm/issues>
51 verbose exit [ 1, true ]
